<?xml version="1.0" encoding="UTF-8"?>
<testng-results ignored="0" total="1" passed="1" failed="0" skipped="0">
  <reporter-output>
  </reporter-output>
  <suite started-at="2026-05-22T13:00:15 IST" name="Default suite" finished-at="2026-05-22T13:00:33 IST" duration-ms="17849">
    <groups>
    </groups>
    <test started-at="2026-05-22T13:00:15 IST" name="Default test" finished-at="2026-05-22T13:00:33 IST" duration-ms="17849">
      <class name="firstProgram">
        <test-method is-config="true" signature="setUp()[pri:0, instance:firstProgram@702657cc]" started-at="2026-05-22T13:00:15 IST" name="setUp" finished-at="2026-05-22T13:00:30 IST" duration-ms="15246" status="PASS">
          <reporter-output>
          </reporter-output>
        </test-method> <!-- setUp -->
        <test-method signature="testGoogleSearch()[pri:0, instance:firstProgram@702657cc]" started-at="2026-05-22T13:00:30 IST" name="testGoogleSearch" finished-at="2026-05-22T13:00:32 IST" duration-ms="1943" status="PASS">
          <reporter-output>
          </reporter-output>
        </test-method> <!-- testGoogleSearch -->
        <test-method is-config="true" signature="tearDown()[pri:0, instance:firstProgram@702657cc]" started-at="2026-05-22T13:00:32 IST" name="tearDown" finished-at="2026-05-22T13:00:33 IST" duration-ms="614" status="PASS">
          <reporter-output>
          </reporter-output>
        </test-method> <!-- tearDown -->
      </class> <!-- firstProgram -->
    </test> <!-- Default test -->
  </suite> <!-- Default suite -->
</testng-results>
